<?xml version="1.0" encoding="UTF-8"?>
<beans xmlns="http://www.springframework.org/schema/beans"
       xmlns:xsi="http://www.w3.org/2001/XMLSchema-instance"
       xmlns:context="http://www.springframework.org/schema/context"
       xsi:schemaLocation="http://www.springframework.org/schema/beans http://www.springframework.org/schema/beans/spring-beans.xsd http://www.springframework.org/schema/context http://www.springframework.org/schema/context/spring-context.xsd">

    <context:component-scan base-package="com.me.h.lycaon.animeseichibacklog.dao"/>

    <bean id="featureMapper" class="com.me.h.lycaon.animeseichibacklog.dao.impl.DelegatingFeatureMapper"/>

    <bean id="remarkMapper" class="com.me.h.lycaon.animeseichibacklog.dao.impl.DelegatingRemarkMapper"/>

    <bean id="userMapper" class="com.me.h.lycaon.animeseichibacklog.dao.impl.DelegatingUserMapper"/>

    <bean id="featureCacheBuilder"
          class="com.google.common.cache.CacheBuilder"
          factory-method="from">
        <constructor-arg value="maximumSize=1000, expireAfterAccess=30m, expireAfterWrite=1h"/>
    </bean>

</beans>